Projects/Android/build/outputs/logs/manifest-merger-debug-report.txt
-- Merging decision tree log ---
manifest
ADDED from Projects\Android\AndroidManifest.xml:2:1-37:12
INJECTED from Projects\Android\AndroidManifest.xml:2:1-37:12
INJECTED from Projects\Android\AndroidManifest.xml:2:1-37:12
INJECTED from Projects\Android\AndroidManifest.xml:2:1-37:12
MERGED from [:VrAppFramework:Projects:Android] AndroidManifest.xml:2:1-11:12
MERGED from [:VrAppSupport:VrGUI:Projects:Android] AndroidManifest.xml:2:1-11:12
MERGED from [:VrAppSupport:VrLocale:Projects:Android] AndroidManifest.xml:2:1-11:12
MERGED from [:VrAppSupport:VrSound:Projects:Android] AndroidManifest.xml:2:1-11:12
INJECTED from Projects\Android\AndroidManifest.xml:2:1-37:12
INJECTED from Projects\Android\AndroidManifest.xml:2:1-37:12
INJECTED from Projects\Android\AndroidManifest.xml:2:1-37:12
	package
		ADDED from Projects\Android\AndroidManifest.xml:3:3-36
		INJECTED from Projects\Android\AndroidManifest.xml
		INJECTED from Projects\Android\AndroidManifest.xml
	android:versionName
		ADDED from Projects\Android\AndroidManifest.xml:5:3-28
		INJECTED from Projects\Android\AndroidManifest.xml
		INJECTED from Projects\Android\AndroidManifest.xml
	xmlns:android
		ADDED from Projects\Android\AndroidManifest.xml:2:11-69
	android:versionCode
		ADDED from Projects\Android\AndroidManifest.xml:4:3-26
		INJECTED from Projects\Android\AndroidManifest.xml
		INJECTED from Projects\Android\AndroidManifest.xml
	android:installLocation
		ADDED from Projects\Android\AndroidManifest.xml:6:9-39
uses-sdk
ADDED from Projects\Android\AndroidManifest.xml:7:2-71
INJECTED from Projects\Android\AndroidManifest.xml:7:2-71
INJECTED from Projects\Android\AndroidManifest.xml:7:2-71
MERGED from [:VrAppFramework:Projects:Android] AndroidManifest.xml:7:5-9:41
MERGED from [:VrAppFramework:Projects:Android] AndroidManifest.xml:7:5-9:41
MERGED from [:VrAppSupport:VrGUI:Projects:Android] AndroidManifest.xml:7:5-9:41
MERGED from [:VrAppSupport:VrGUI:Projects:Android] AndroidManifest.xml:7:5-9:41
MERGED from [:VrAppSupport:VrLocale:Projects:Android] AndroidManifest.xml:7:5-9:41
MERGED from [:VrAppSupport:VrLocale:Projects:Android] AndroidManifest.xml:7:5-9:41
MERGED from [:VrAppSupport:VrSound:Projects:Android] AndroidManifest.xml:7:5-9:41
MERGED from [:VrAppSupport:VrSound:Projects:Android] AndroidManifest.xml:7:5-9:41
INJECTED from Projects\Android\AndroidManifest.xml:7:2-71
INJECTED from Projects\Android\AndroidManifest.xml:7:2-71
	android:targetSdkVersion
		ADDED from Projects\Android\AndroidManifest.xml:7:39-68
		INJECTED from Projects\Android\AndroidManifest.xml
		INJECTED from Projects\Android\AndroidManifest.xml
	android:minSdkVersion
		ADDED from Projects\Android\AndroidManifest.xml:7:12-38
		INJECTED from Projects\Android\AndroidManifest.xml
		INJECTED from Projects\Android\AndroidManifest.xml
uses-permission#android.permission.MODIFY_AUDIO_SETTINGS
ADDED from Projects\Android\AndroidManifest.xml:8:2-77
	android:name
		ADDED from Projects\Android\AndroidManifest.xml:8:19-74
uses-permission#android.permission.INTERNET
ADDED from Projects\Android\AndroidManifest.xml:9:2-64
	android:name
		ADDED from Projects\Android\AndroidManifest.xml:9:19-61
uses-permission#android.permission.ACCESS_NETWORK_STATE
ADDED from Projects\Android\AndroidManifest.xml:10:2-76
	android:name
		ADDED from Projects\Android\AndroidManifest.xml:10:19-73
uses-feature#android.hardware.usb.host
ADDED from Projects\Android\AndroidManifest.xml:11:2-59
	android:name
		ADDED from Projects\Android\AndroidManifest.xml:11:16-56
uses-feature#0x00030001
ADDED from Projects\Android\AndroidManifest.xml:13:2-75
	android:glEsVersion
		ADDED from Projects\Android\AndroidManifest.xml:13:16-48
	android:required
		ADDED from Projects\Android\AndroidManifest.xml:13:49-72
application
ADDED from Projects\Android\AndroidManifest.xml:14:2-36:16
	android:label
		ADDED from Projects\Android\AndroidManifest.xml:17:4-36
	android:icon
		ADDED from Projects\Android\AndroidManifest.xml:16:4-40
	android:allowBackup
		ADDED from Projects\Android\AndroidManifest.xml:15:4-31
meta-data#com.samsung.android.vr.application.mode
ADDED from Projects\Android\AndroidManifest.xml:18:3-94
	android:value
		ADDED from Projects\Android\AndroidManifest.xml:18:69-92
	android:name
		ADDED from Projects\Android\AndroidManifest.xml:18:14-68
activity#com.oculus.vrcontroller.MainActivity
ADDED from Projects\Android\AndroidManifest.xml:23:3-35:14
	android:screenOrientation
		ADDED from Projects\Android\AndroidManifest.xml:28:5-42
	android:label
		ADDED from Projects\Android\AndroidManifest.xml:26:5-37
	android:launchMode
		ADDED from Projects\Android\AndroidManifest.xml:27:5-36
	android:configChanges
		ADDED from Projects\Android\AndroidManifest.xml:29:5-106
	android:theme
		ADDED from Projects\Android\AndroidManifest.xml:25:5-69
	android:name
		ADDED from Projects\Android\AndroidManifest.xml:24:5-56
intent-filter#action:name:android.intent.action.MAIN+category:name:android.intent.category.LAUNCHER
ADDED from Projects\Android\AndroidManifest.xml:31:4-34:20
action#android.intent.action.MAIN
ADDED from Projects\Android\AndroidManifest.xml:32:5-57
	android:name
		ADDED from Projects\Android\AndroidManifest.xml:32:13-54
category#android.intent.category.LAUNCHER
ADDED from Projects\Android\AndroidManifest.xml:33:5-65
	android:name
		ADDED from Projects\Android\AndroidManifest.xml:33:15-62